Using pre-set license
Built from '2020.3/staging' branch; Version is '2020.3.19f1 (68f137dc9bbe) revision 6877495'; Using compiler version '192528614'; Build Type 'Release'
OS: 'Windows 10 Pro; OS build 19043.1645; Version 2009; 64bit' Language: 'en' Physical Memory: 16295 MB
BatchMode: 1, IsHumanControllingUs: 0, StartBugReporterOnCrash: 0, Is64bit: 1, IsPro: 0

COMMAND LINE ARGUMENTS:
C:\Program Files\Unity\Hub\Editor\2020.3.19f1\Editor\Unity.exe
-adb2
-batchMode
-noUpm
-name
AssetImportWorker0
-projectPath
C:/Kacper/FinalYearCollege/MobileApplications3/Gesture-Based-UI-Development/GestureProjectKinect
-logFile
Logs/AssetImportWorker0.log
-srvPort
64691
Successfully changed project path to: C:/Kacper/FinalYearCollege/MobileApplications3/Gesture-Based-UI-Development/GestureProjectKinect
C:/Kacper/FinalYearCollege/MobileApplications3/Gesture-Based-UI-Development/GestureProjectKinect
Using Asset Import Pipeline V2.
Refreshing native plugins compatible for Editor in 39.24 ms, found 4 plugins.
Preloading 0 native plugins for Editor in 0.00 ms.
Initialize engine version: 2020.3.19f1 (68f137dc9bbe)
[Subsystems] Discovering subsystems at path C:/Program Files/Unity/Hub/Editor/2020.3.19f1/Editor/Data/Resources/UnitySubsystems
[Subsystems] Discovering subsystems at path C:/Kacper/FinalYearCollege/MobileApplications3/Gesture-Based-UI-Development/GestureProjectKinect/Assets
GfxDevice: creating device client; threaded=0
Direct3D:
    Version:  Direct3D 11.0 [level 11.1]
    Renderer: AMD Radeon RX 5700 XT (ID=0x731f)
    Vendor:   
    VRAM:     8151 MB
    Driver:   30.0.15021.1001
Initialize mono
Mono path[0] = 'C:/Program Files/Unity/Hub/Editor/2020.3.19f1/Editor/Data/Managed'
Mono path[1] = 'C:/Program Files/Unity/Hub/Editor/2020.3.19f1/Editor/Data/MonoBleedingEdge/lib/mono/unityjit'
Mono config path = 'C:/Program Files/Unity/Hub/Editor/2020.3.19f1/Editor/Data/MonoBleedingEdge/etc'
Using monoOptions --debugger-agent=transport=dt_socket,embedding=1,server=y,suspend=n,address=127.0.0.1:56952
Begin MonoManager ReloadAssembly
Registering precompiled unity dll's ...
Register platform support module: C:/Program Files/Unity/Hub/Editor/2020.3.19f1/Editor/Data/PlaybackEngines/WindowsStandaloneSupport/UnityEditor.WindowsStandalone.Extensions.dll
Registered in 0.001836 seconds.
Native extension for WindowsStandalone target not found
Refreshing native plugins compatible for Editor in 38.96 ms, found 4 plugins.
Preloading 0 native plugins for Editor in 0.00 ms.
Mono: successfully reloaded assembly
- Completed reload, in  0.960 seconds
Domain Reload Profiling:
	ReloadAssembly (960ms)
		BeginReloadAssembly (47ms)
			ExecutionOrderSort (0ms)
			DisableScriptedObjects (0ms)
			BackupInstance (0ms)
			ReleaseScriptingObjects (0ms)
			CreateAndSetChildDomain (1ms)
		EndReloadAssembly (343ms)
			LoadAssemblies (45ms)
			RebuildTransferFunctionScriptingTraits (0ms)
			SetupTypeCache (122ms)
			ReleaseScriptCaches (0ms)
			RebuildScriptCaches (25ms)
			SetupLoadedEditorAssemblies (142ms)
				LogAssemblyErrors (0ms)
				InitializePlatformSupportModulesInManaged (3ms)
				SetLoadedEditorAssemblies (0ms)
				RefreshPlugins (39ms)
				BeforeProcessingInitializeOnLoad (11ms)
				ProcessInitializeOnLoadAttributes (66ms)
				ProcessInitializeOnLoadMethodAttributes (23ms)
				AfterProcessingInitializeOnLoad (0ms)
				EditorAssembliesLoaded (0ms)
			ExecutionOrderSort2 (0ms)
			AwakeInstancesAfterBackupRestoration (0ms)
Platform modules already initialized, skipping
Registering precompiled user dll's ...
Registered in 0.003166 seconds.
Begin MonoManager ReloadAssembly
Native extension for WindowsStandalone target not found
Refreshing native plugins compatible for Editor in 36.74 ms, found 4 plugins.
Preloading 0 native plugins for Editor in 0.00 ms.
Mono: successfully reloaded assembly
- Completed reload, in  0.904 seconds
Domain Reload Profiling:
	ReloadAssembly (904ms)
		BeginReloadAssembly (119ms)
			ExecutionOrderSort (0ms)
			DisableScriptedObjects (4ms)
			BackupInstance (0ms)
			ReleaseScriptingObjects (0ms)
			CreateAndSetChildDomain (16ms)
		EndReloadAssembly (732ms)
			LoadAssemblies (76ms)
			RebuildTransferFunctionScriptingTraits (0ms)
			SetupTypeCache (235ms)
			ReleaseScriptCaches (0ms)
			RebuildScriptCaches (40ms)
			SetupLoadedEditorAssemblies (286ms)
				LogAssemblyErrors (0ms)
				InitializePlatformSupportModulesInManaged (3ms)
				SetLoadedEditorAssemblies (0ms)
				RefreshPlugins (37ms)
				BeforeProcessingInitializeOnLoad (65ms)
				ProcessInitializeOnLoadAttributes (163ms)
				ProcessInitializeOnLoadMethodAttributes (12ms)
				AfterProcessingInitializeOnLoad (6ms)
				EditorAssembliesLoaded (0ms)
			ExecutionOrderSort2 (0ms)
			AwakeInstancesAfterBackupRestoration (5ms)
Platform modules already initialized, skipping
========================================================================
Worker process is ready to serve import requests
Launched and connected shader compiler UnityShaderCompiler.exe after 0.06 seconds
Refreshing native plugins compatible for Editor in 0.92 ms, found 4 plugins.
Preloading 0 native plugins for Editor in 0.00 ms.
Unloading 2215 Unused Serialized files (Serialized files now loaded: 0)
System memory in use before: 99.4 MB.
System memory in use after: 99.5 MB.

Unloading 28 unused Assets to reduce memory usage. Loaded Objects now: 2656.
Total: 3.392900 ms (FindLiveObjects: 0.468100 ms CreateObjectMapping: 0.081700 ms MarkObjects: 2.766700 ms  DeleteObjects: 0.074000 ms)

AssetImportParameters requested are different than current active one (requested -> active):
  custom:framework-win-MediaFoundation: 216162199b28c13a410421893ffa2e32 -> 
  custom:video-decoder-ogg-theora: a1e56fd34408186e4bbccfd4996cb3dc -> 
  custom:container-muxer-webm: aa71ff27fc2769a1b78a27578f13a17b -> 
  custom:container-demuxer-webm: 4f35f7cbe854078d1ac9338744f61a02 -> 
  custom:container-demuxer-ogg: 62fdf1f143b41e24485cea50d1cbac27 -> 
  custom:video-encoder-webm-vp8: eb34c28f22e8b96e1ab97ce403110664 -> 
  custom:video-decoder-webm-vp8: 9c59270c3fd7afecdb556c50c9e8de78 -> 
  custom:audio-decoder-ogg-vorbis: bf7c407c2cedff20999df2af8eb42d56 -> 
  custom:audio-encoder-webm-vorbis: bf7c407c2cedff20999df2af8eb42d56 -> 
========================================================================
Received Import Request.
  path: Assets/Images/banana.png
  artifactKey: Guid(ae1cfcfdcdf718642a1bd6548df336a9) Importer(815301076,1909f56bfc062723c751e8b465ee728b)
Start importing Assets/Images/banana.png using Guid(ae1cfcfdcdf718642a1bd6548df336a9) Importer(815301076,1909f56bfc062723c751e8b465ee728b)  -> (artifact id: '79c8d439831d671262f581b9368d351d') in 0.129788 seconds 
  Import took 0.132995 seconds .

========================================================================
Received Import Request.
  Time since last request: 0.000254 seconds.
  path: Assets/Images/cherry.png
  artifactKey: Guid(78b7d9821a0700e40b28a8fc4f1e7cdf) Importer(815301076,1909f56bfc062723c751e8b465ee728b)
Start importing Assets/Images/cherry.png using Guid(78b7d9821a0700e40b28a8fc4f1e7cdf) Importer(815301076,1909f56bfc062723c751e8b465ee728b)  -> (artifact id: '4320c8f841e001378be60ba1c0aaff63') in 0.015966 seconds 
  Import took 0.019431 seconds .

========================================================================
Received Import Request.
  Time since last request: 0.000313 seconds.
  path: Assets/Images/background.jpg
  artifactKey: Guid(372a61d9701ffbe4fb30237b60eb1fff) Importer(815301076,1909f56bfc062723c751e8b465ee728b)
Start importing Assets/Images/background.jpg using Guid(372a61d9701ffbe4fb30237b60eb1fff) Importer(815301076,1909f56bfc062723c751e8b465ee728b)  -> (artifact id: '32dce6754e98f8ee76d4749fab191a8c') in 0.031338 seconds 
  Import took 0.034165 seconds .

========================================================================
Received Import Request.
  Time since last request: 0.000305 seconds.
  path: Assets/Images/plum.png
  artifactKey: Guid(b7e2d39edb4942c4bbcf8c2e9e282d2a) Importer(815301076,1909f56bfc062723c751e8b465ee728b)
Start importing Assets/Images/plum.png using Guid(b7e2d39edb4942c4bbcf8c2e9e282d2a) Importer(815301076,1909f56bfc062723c751e8b465ee728b)  -> (artifact id: '671aeea56a9c0ff256970ca58c76e71f') in 0.015793 seconds 
  Import took 0.018535 seconds .

========================================================================
Received Import Request.
  Time since last request: 0.000302 seconds.
  path: Assets/Images/grape.png
  artifactKey: Guid(fe865f6795adc324abee6ec850f58048) Importer(815301076,1909f56bfc062723c751e8b465ee728b)
Start importing Assets/Images/grape.png using Guid(fe865f6795adc324abee6ec850f58048) Importer(815301076,1909f56bfc062723c751e8b465ee728b)  -> (artifact id: '782f70b7db359d6f69ee3b913cdb1b61') in 0.015541 seconds 
  Import took 0.018714 seconds .

========================================================================
Received Import Request.
  Time since last request: 0.000303 seconds.
  path: Assets/Images/BoxingGlove.png
  artifactKey: Guid(3f4ffc914d51adf4e9cca8f66c1c4b24) Importer(815301076,1909f56bfc062723c751e8b465ee728b)
Start importing Assets/Images/BoxingGlove.png using Guid(3f4ffc914d51adf4e9cca8f66c1c4b24) Importer(815301076,1909f56bfc062723c751e8b465ee728b)  -> (artifact id: 'cc7c23bf53085bd654ab18975146c898') in 0.015291 seconds 
  Import took 0.018164 seconds .

========================================================================
Received Import Request.
  Time since last request: 0.000268 seconds.
  path: Assets/Images/pineapple.png
  artifactKey: Guid(5b142e54e8c274948bad27318322f014) Importer(815301076,1909f56bfc062723c751e8b465ee728b)
Start importing Assets/Images/pineapple.png using Guid(5b142e54e8c274948bad27318322f014) Importer(815301076,1909f56bfc062723c751e8b465ee728b)  -> (artifact id: '023a39988414935aa338e9bda4bea2e1') in 0.014840 seconds 
  Import took 0.017763 seconds .

========================================================================
Received Import Request.
  Time since last request: 0.000309 seconds.
  path: Assets/Images/heartCartoon.png
  artifactKey: Guid(0724a299072c09148ba3076f4ebb185e) Importer(815301076,1909f56bfc062723c751e8b465ee728b)
Start importing Assets/Images/heartCartoon.png using Guid(0724a299072c09148ba3076f4ebb185e) Importer(815301076,1909f56bfc062723c751e8b465ee728b)  -> (artifact id: 'd9e58f55a2823dc8372d7e9ffb8a9b22') in 0.014517 seconds 
  Import took 0.017192 seconds .

========================================================================
Received Import Request.
  Time since last request: 0.000271 seconds.
  path: Assets/Images/orange.png
  artifactKey: Guid(eeb2d27203e5b3e4ea358a37e2b59ce7) Importer(815301076,1909f56bfc062723c751e8b465ee728b)
Start importing Assets/Images/orange.png using Guid(eeb2d27203e5b3e4ea358a37e2b59ce7) Importer(815301076,1909f56bfc062723c751e8b465ee728b)  -> (artifact id: 'af031ef1c12a7e208c8a9f1f1ef56f61') in 0.014180 seconds 
  Import took 0.016984 seconds .

========================================================================
Received Import Request.
  Time since last request: 0.000235 seconds.
  path: Assets/Images/watermelon.png
  artifactKey: Guid(ed67321b0aba862458840ca6c15de466) Importer(815301076,1909f56bfc062723c751e8b465ee728b)
Start importing Assets/Images/watermelon.png using Guid(ed67321b0aba862458840ca6c15de466) Importer(815301076,1909f56bfc062723c751e8b465ee728b)  -> (artifact id: 'c38913044902d79f5d087cfb9298c7c0') in 0.015047 seconds 
  Import took 0.018090 seconds .

========================================================================
Received Import Request.
  Time since last request: 0.000264 seconds.
  path: Assets/Images/tomato.png
  artifactKey: Guid(2333295abacc6f947b145dac1a29ffa8) Importer(815301076,1909f56bfc062723c751e8b465ee728b)
Start importing Assets/Images/tomato.png using Guid(2333295abacc6f947b145dac1a29ffa8) Importer(815301076,1909f56bfc062723c751e8b465ee728b)  -> (artifact id: 'e45ef96fdd43f860b92e83ebc3f0dac5') in 0.015592 seconds 
  Import took 0.018439 seconds .

========================================================================
Received Import Request.
  Time since last request: 0.000257 seconds.
  path: Assets/Images/kiwi.png
  artifactKey: Guid(9e89d2bee175d674991a2ee330f51b29) Importer(815301076,1909f56bfc062723c751e8b465ee728b)
Start importing Assets/Images/kiwi.png using Guid(9e89d2bee175d674991a2ee330f51b29) Importer(815301076,1909f56bfc062723c751e8b465ee728b)  -> (artifact id: 'a27d36df8828343cb2e6cdda3d074f69') in 0.019127 seconds 
  Import took 0.022298 seconds .

========================================================================
Received Import Request.
  Time since last request: 0.000241 seconds.
  path: Assets/Images/boxingBG2.jpg
  artifactKey: Guid(313900c47976d0f43a6e2a0b8949992e) Importer(815301076,1909f56bfc062723c751e8b465ee728b)
Start importing Assets/Images/boxingBG2.jpg using Guid(313900c47976d0f43a6e2a0b8949992e) Importer(815301076,1909f56bfc062723c751e8b465ee728b)  -> (artifact id: '6704a6a8e38a81bc33d697af267a90d7') in 0.054008 seconds 
  Import took 0.056714 seconds .

========================================================================
Received Import Request.
  Time since last request: 0.000279 seconds.
  path: Assets/Images/coconut.png
  artifactKey: Guid(4a52f842ca638a845b8b478c55255060) Importer(815301076,1909f56bfc062723c751e8b465ee728b)
Start importing Assets/Images/coconut.png using Guid(4a52f842ca638a845b8b478c55255060) Importer(815301076,1909f56bfc062723c751e8b465ee728b)  -> (artifact id: '39f623280a022defdfea6ffb7405dca9') in 0.016918 seconds 
  Import took 0.020034 seconds .

========================================================================
Received Import Request.
  Time since last request: 0.000282 seconds.
  path: Assets/Images/cuttingBoard.jpg
  artifactKey: Guid(715675f5d4a3f764e85f114858730d63) Importer(815301076,1909f56bfc062723c751e8b465ee728b)
Start importing Assets/Images/cuttingBoard.jpg using Guid(715675f5d4a3f764e85f114858730d63) Importer(815301076,1909f56bfc062723c751e8b465ee728b)  -> (artifact id: '3e54b43e0d3a0b7e61f539d04ce07128') in 0.020761 seconds 
  Import took 0.023878 seconds .

========================================================================
Received Import Request.
  Time since last request: 0.000348 seconds.
  path: Assets/Images/Trophy.png
  artifactKey: Guid(980114b2e34f7bb4d9a3fea28a99b828) Importer(815301076,1909f56bfc062723c751e8b465ee728b)
Start importing Assets/Images/Trophy.png using Guid(980114b2e34f7bb4d9a3fea28a99b828) Importer(815301076,1909f56bfc062723c751e8b465ee728b)  -> (artifact id: '58d7c253fd489a332c5ba8c4bac7b523') in 0.050385 seconds 
  Import took 0.053403 seconds .

========================================================================
Received Import Request.
  Time since last request: 0.000276 seconds.
  path: Assets/Images/apple.png
  artifactKey: Guid(67d193d5ecc72cb469e92081646b75da) Importer(815301076,1909f56bfc062723c751e8b465ee728b)
Start importing Assets/Images/apple.png using Guid(67d193d5ecc72cb469e92081646b75da) Importer(815301076,1909f56bfc062723c751e8b465ee728b)  -> (artifact id: 'ed843afd78a3a6078dd4fd4ecc32cbf4') in 0.014348 seconds 
  Import took 0.017254 seconds .

========================================================================
Received Import Request.
  Time since last request: 0.000357 seconds.
  path: Assets/Images/mango.png
  artifactKey: Guid(277534492be07304c8d3cdefac4b1939) Importer(815301076,1909f56bfc062723c751e8b465ee728b)
Start importing Assets/Images/mango.png using Guid(277534492be07304c8d3cdefac4b1939) Importer(815301076,1909f56bfc062723c751e8b465ee728b)  -> (artifact id: '648366d2b7d7213b1cf77fbb702d2416') in 0.016403 seconds 
  Import took 0.020334 seconds .

========================================================================
Received Import Request.
  Time since last request: 168.127436 seconds.
  path: Assets/Images/PlayLogo.png
  artifactKey: Guid(482df7770703a944882a9ae1a129a364) Importer(815301076,1909f56bfc062723c751e8b465ee728b)
Start importing Assets/Images/PlayLogo.png using Guid(482df7770703a944882a9ae1a129a364) Importer(815301076,1909f56bfc062723c751e8b465ee728b)  -> (artifact id: 'ada184522586ffb89f95b0b9cb5ea9f5') in 0.011964 seconds 
  Import took 0.015096 seconds .

========================================================================
Received Import Request.
  Time since last request: 40.989661 seconds.
  path: Assets/Images/Mute.png
  artifactKey: Guid(2c6fe9cc6bead1f4e83654191baacd81) Importer(815301076,1909f56bfc062723c751e8b465ee728b)
Start importing Assets/Images/Mute.png using Guid(2c6fe9cc6bead1f4e83654191baacd81) Importer(815301076,1909f56bfc062723c751e8b465ee728b)  -> (artifact id: 'f638d231aeda9f78b7ed7987f2b1655e') in 0.015042 seconds 
  Import took 0.018184 seconds .

========================================================================
Received Import Request.
  Time since last request: 281.386843 seconds.
  path: Assets/Scripts/MainMenu.cs
  artifactKey: Guid(66c96b6ab9a2e9149ab26e511fd2f062) Importer(815301076,1909f56bfc062723c751e8b465ee728b)
Start importing Assets/Scripts/MainMenu.cs using Guid(66c96b6ab9a2e9149ab26e511fd2f062) Importer(815301076,1909f56bfc062723c751e8b465ee728b)  -> (artifact id: 'c9b70b61bca09ade1f126eddfabd6aa7') in 0.008466 seconds 
  Import took 0.011722 seconds .

========================================================================
Received Prepare
Registering precompiled user dll's ...
Registered in 0.003142 seconds.
Begin MonoManager ReloadAssembly
Native extension for WindowsStandalone target not found
Refreshing native plugins compatible for Editor in 0.53 ms, found 4 plugins.
Preloading 0 native plugins for Editor in 0.00 ms.
Mono: successfully reloaded assembly
- Completed reload, in  0.889 seconds
Domain Reload Profiling:
	ReloadAssembly (889ms)
		BeginReloadAssembly (111ms)
			ExecutionOrderSort (0ms)
			DisableScriptedObjects (5ms)
			BackupInstance (0ms)
			ReleaseScriptingObjects (0ms)
			CreateAndSetChildDomain (31ms)
		EndReloadAssembly (720ms)
			LoadAssemblies (85ms)
			RebuildTransferFunctionScriptingTraits (0ms)
			SetupTypeCache (256ms)
			ReleaseScriptCaches (1ms)
			RebuildScriptCaches (37ms)
			SetupLoadedEditorAssemblies (250ms)
				LogAssemblyErrors (0ms)
				InitializePlatformSupportModulesInManaged (4ms)
				SetLoadedEditorAssemblies (0ms)
				RefreshPlugins (1ms)
				BeforeProcessingInitializeOnLoad (75ms)
				ProcessInitializeOnLoadAttributes (159ms)
				ProcessInitializeOnLoadMethodAttributes (5ms)
				AfterProcessingInitializeOnLoad (6ms)
				EditorAssembliesLoaded (0ms)
			ExecutionOrderSort2 (0ms)
			AwakeInstancesAfterBackupRestoration (9ms)
Platform modules already initialized, skipping
Refreshing native plugins compatible for Editor in 0.48 ms, found 4 plugins.
Preloading 0 native plugins for Editor in 0.00 ms.
Unloading 2192 Unused Serialized files (Serialized files now loaded: 0)
System memory in use before: 100.6 MB.
System memory in use after: 100.8 MB.

Unloading 16 unused Assets to reduce memory usage. Loaded Objects now: 2699.
Total: 2.848900 ms (FindLiveObjects: 0.228600 ms CreateObjectMapping: 0.069300 ms MarkObjects: 2.535800 ms  DeleteObjects: 0.014400 ms)

AssetImportParameters requested are different than current active one (requested -> active):
  custom:framework-win-MediaFoundation: 216162199b28c13a410421893ffa2e32 -> 
  custom:video-decoder-ogg-theora: a1e56fd34408186e4bbccfd4996cb3dc -> 
  custom:container-muxer-webm: aa71ff27fc2769a1b78a27578f13a17b -> 
  custom:container-demuxer-webm: 4f35f7cbe854078d1ac9338744f61a02 -> 
  custom:container-demuxer-ogg: 62fdf1f143b41e24485cea50d1cbac27 -> 
  custom:video-encoder-webm-vp8: eb34c28f22e8b96e1ab97ce403110664 -> 
  custom:video-decoder-webm-vp8: 9c59270c3fd7afecdb556c50c9e8de78 -> 
  custom:audio-decoder-ogg-vorbis: bf7c407c2cedff20999df2af8eb42d56 -> 
  custom:audio-encoder-webm-vorbis: bf7c407c2cedff20999df2af8eb42d56 -> 
========================================================================
Received Import Request.
  Time since last request: 113.784975 seconds.
  path: Assets/Scripts/MainMenu.cs
  artifactKey: Guid(66c96b6ab9a2e9149ab26e511fd2f062) Importer(815301076,1909f56bfc062723c751e8b465ee728b)
Start importing Assets/Scripts/MainMenu.cs using Guid(66c96b6ab9a2e9149ab26e511fd2f062) Importer(815301076,1909f56bfc062723c751e8b465ee728b)  -> (artifact id: '5afda2643a7db95a64e8a2da56126d05') in 0.006061 seconds 
  Import took 0.009141 seconds .

========================================================================
Received Prepare
Registering precompiled user dll's ...
Registered in 0.003011 seconds.
Begin MonoManager ReloadAssembly
Native extension for WindowsStandalone target not found
Refreshing native plugins compatible for Editor in 0.49 ms, found 4 plugins.
Preloading 0 native plugins for Editor in 0.00 ms.
Mono: successfully reloaded assembly
- Completed reload, in  0.813 seconds
Domain Reload Profiling:
	ReloadAssembly (813ms)
		BeginReloadAssembly (96ms)
			ExecutionOrderSort (0ms)
			DisableScriptedObjects (5ms)
			BackupInstance (0ms)
			ReleaseScriptingObjects (0ms)
			CreateAndSetChildDomain (30ms)
		EndReloadAssembly (662ms)
			LoadAssemblies (74ms)
			RebuildTransferFunctionScriptingTraits (0ms)
			SetupTypeCache (231ms)
			ReleaseScriptCaches (1ms)
			RebuildScriptCaches (34ms)
			SetupLoadedEditorAssemblies (240ms)
				LogAssemblyErrors (0ms)
				InitializePlatformSupportModulesInManaged (4ms)
				SetLoadedEditorAssemblies (0ms)
				RefreshPlugins (1ms)
				BeforeProcessingInitializeOnLoad (74ms)
				ProcessInitializeOnLoadAttributes (150ms)
				ProcessInitializeOnLoadMethodAttributes (5ms)
				AfterProcessingInitializeOnLoad (6ms)
				EditorAssembliesLoaded (0ms)
			ExecutionOrderSort2 (0ms)
			AwakeInstancesAfterBackupRestoration (8ms)
Platform modules already initialized, skipping
Refreshing native plugins compatible for Editor in 0.48 ms, found 4 plugins.
Preloading 0 native plugins for Editor in 0.00 ms.
Unloading 2192 Unused Serialized files (Serialized files now loaded: 0)
System memory in use before: 100.7 MB.
System memory in use after: 100.8 MB.

Unloading 16 unused Assets to reduce memory usage. Loaded Objects now: 2702.
Total: 2.852300 ms (FindLiveObjects: 0.210000 ms CreateObjectMapping: 0.060600 ms MarkObjects: 2.565800 ms  DeleteObjects: 0.015000 ms)

AssetImportParameters requested are different than current active one (requested -> active):
  custom:framework-win-MediaFoundation: 216162199b28c13a410421893ffa2e32 -> 
  custom:video-decoder-ogg-theora: a1e56fd34408186e4bbccfd4996cb3dc -> 
  custom:container-muxer-webm: aa71ff27fc2769a1b78a27578f13a17b -> 
  custom:container-demuxer-webm: 4f35f7cbe854078d1ac9338744f61a02 -> 
  custom:container-demuxer-ogg: 62fdf1f143b41e24485cea50d1cbac27 -> 
  custom:video-encoder-webm-vp8: eb34c28f22e8b96e1ab97ce403110664 -> 
  custom:video-decoder-webm-vp8: 9c59270c3fd7afecdb556c50c9e8de78 -> 
  custom:audio-decoder-ogg-vorbis: bf7c407c2cedff20999df2af8eb42d56 -> 
  custom:audio-encoder-webm-vorbis: bf7c407c2cedff20999df2af8eb42d56 -> 
========================================================================
Received Prepare
Registering precompiled user dll's ...
Registered in 0.002996 seconds.
Begin MonoManager ReloadAssembly
Native extension for WindowsStandalone target not found
Refreshing native plugins compatible for Editor in 0.51 ms, found 4 plugins.
Preloading 0 native plugins for Editor in 0.00 ms.
Mono: successfully reloaded assembly
- Completed reload, in  0.853 seconds
Domain Reload Profiling:
	ReloadAssembly (853ms)
		BeginReloadAssembly (102ms)
			ExecutionOrderSort (0ms)
			DisableScriptedObjects (5ms)
			BackupInstance (0ms)
			ReleaseScriptingObjects (0ms)
			CreateAndSetChildDomain (31ms)
		EndReloadAssembly (694ms)
			LoadAssemblies (80ms)
			RebuildTransferFunctionScriptingTraits (0ms)
			SetupTypeCache (247ms)
			ReleaseScriptCaches (1ms)
			RebuildScriptCaches (37ms)
			SetupLoadedEditorAssemblies (244ms)
				LogAssemblyErrors (0ms)
				InitializePlatformSupportModulesInManaged (4ms)
				SetLoadedEditorAssemblies (0ms)
				RefreshPlugins (1ms)
				BeforeProcessingInitializeOnLoad (75ms)
				ProcessInitializeOnLoadAttributes (152ms)
				ProcessInitializeOnLoadMethodAttributes (5ms)
				AfterProcessingInitializeOnLoad (6ms)
				EditorAssembliesLoaded (0ms)
			ExecutionOrderSort2 (0ms)
			AwakeInstancesAfterBackupRestoration (9ms)
Platform modules already initialized, skipping
Refreshing native plugins compatible for Editor in 0.49 ms, found 4 plugins.
Preloading 0 native plugins for Editor in 0.00 ms.
Unloading 2192 Unused Serialized files (Serialized files now loaded: 0)
System memory in use before: 100.7 MB.
System memory in use after: 100.8 MB.

Unloading 16 unused Assets to reduce memory usage. Loaded Objects now: 2705.
Total: 3.276400 ms (FindLiveObjects: 0.231900 ms CreateObjectMapping: 0.060200 ms MarkObjects: 2.965700 ms  DeleteObjects: 0.017400 ms)

AssetImportParameters requested are different than current active one (requested -> active):
  custom:framework-win-MediaFoundation: 216162199b28c13a410421893ffa2e32 -> 
  custom:video-decoder-ogg-theora: a1e56fd34408186e4bbccfd4996cb3dc -> 
  custom:container-muxer-webm: aa71ff27fc2769a1b78a27578f13a17b -> 
  custom:container-demuxer-webm: 4f35f7cbe854078d1ac9338744f61a02 -> 
  custom:container-demuxer-ogg: 62fdf1f143b41e24485cea50d1cbac27 -> 
  custom:video-encoder-webm-vp8: eb34c28f22e8b96e1ab97ce403110664 -> 
  custom:video-decoder-webm-vp8: 9c59270c3fd7afecdb556c50c9e8de78 -> 
  custom:audio-decoder-ogg-vorbis: bf7c407c2cedff20999df2af8eb42d56 -> 
  custom:audio-encoder-webm-vorbis: bf7c407c2cedff20999df2af8eb42d56 -> 
========================================================================
Received Prepare
Registering precompiled user dll's ...
Registered in 0.002915 seconds.
Begin MonoManager ReloadAssembly
Native extension for WindowsStandalone target not found
Refreshing native plugins compatible for Editor in 0.48 ms, found 4 plugins.
Preloading 0 native plugins for Editor in 0.00 ms.
Mono: successfully reloaded assembly
- Completed reload, in  0.823 seconds
Domain Reload Profiling:
	ReloadAssembly (823ms)
		BeginReloadAssembly (102ms)
			ExecutionOrderSort (0ms)
			DisableScriptedObjects (5ms)
			BackupInstance (0ms)
			ReleaseScriptingObjects (0ms)
			CreateAndSetChildDomain (28ms)
		EndReloadAssembly (668ms)
			LoadAssemblies (74ms)
			RebuildTransferFunctionScriptingTraits (0ms)
			SetupTypeCache (226ms)
			ReleaseScriptCaches (1ms)
			RebuildScriptCaches (35ms)
			SetupLoadedEditorAssemblies (248ms)
				LogAssemblyErrors (0ms)
				InitializePlatformSupportModulesInManaged (4ms)
				SetLoadedEditorAssemblies (1ms)
				RefreshPlugins (1ms)
				BeforeProcessingInitializeOnLoad (73ms)
				ProcessInitializeOnLoadAttributes (159ms)
				ProcessInitializeOnLoadMethodAttributes (5ms)
				AfterProcessingInitializeOnLoad (6ms)
				EditorAssembliesLoaded (0ms)
			ExecutionOrderSort2 (0ms)
			AwakeInstancesAfterBackupRestoration (9ms)
Platform modules already initialized, skipping
Refreshing native plugins compatible for Editor in 0.49 ms, found 4 plugins.
Preloading 0 native plugins for Editor in 0.00 ms.
Unloading 2192 Unused Serialized files (Serialized files now loaded: 0)
System memory in use before: 100.7 MB.
System memory in use after: 100.8 MB.

Unloading 16 unused Assets to reduce memory usage. Loaded Objects now: 2708.
Total: 3.848600 ms (FindLiveObjects: 0.215100 ms CreateObjectMapping: 0.071600 ms MarkObjects: 3.540900 ms  DeleteObjects: 0.019700 ms)

AssetImportParameters requested are different than current active one (requested -> active):
  custom:framework-win-MediaFoundation: 216162199b28c13a410421893ffa2e32 -> 
  custom:video-decoder-ogg-theora: a1e56fd34408186e4bbccfd4996cb3dc -> 
  custom:container-muxer-webm: aa71ff27fc2769a1b78a27578f13a17b -> 
  custom:container-demuxer-webm: 4f35f7cbe854078d1ac9338744f61a02 -> 
  custom:container-demuxer-ogg: 62fdf1f143b41e24485cea50d1cbac27 -> 
  custom:video-encoder-webm-vp8: eb34c28f22e8b96e1ab97ce403110664 -> 
  custom:video-decoder-webm-vp8: 9c59270c3fd7afecdb556c50c9e8de78 -> 
  custom:audio-decoder-ogg-vorbis: bf7c407c2cedff20999df2af8eb42d56 -> 
  custom:audio-encoder-webm-vorbis: bf7c407c2cedff20999df2af8eb42d56 -> 
========================================================================
Received Prepare
Registering precompiled user dll's ...
Registered in 0.002950 seconds.
Begin MonoManager ReloadAssembly
Native extension for WindowsStandalone target not found
Refreshing native plugins compatible for Editor in 0.48 ms, found 4 plugins.
Preloading 0 native plugins for Editor in 0.00 ms.
Mono: successfully reloaded assembly
- Completed reload, in  0.847 seconds
Domain Reload Profiling:
	ReloadAssembly (847ms)
		BeginReloadAssembly (110ms)
			ExecutionOrderSort (0ms)
			DisableScriptedObjects (6ms)
			BackupInstance (0ms)
			ReleaseScriptingObjects (0ms)
			CreateAndSetChildDomain (30ms)
		EndReloadAssembly (680ms)
			LoadAssemblies (82ms)
			RebuildTransferFunctionScriptingTraits (0ms)
			SetupTypeCache (240ms)
			ReleaseScriptCaches (1ms)
			RebuildScriptCaches (36ms)
			SetupLoadedEditorAssemblies (242ms)
				LogAssemblyErrors (0ms)
				InitializePlatformSupportModulesInManaged (4ms)
				SetLoadedEditorAssemblies (0ms)
				RefreshPlugins (1ms)
				BeforeProcessingInitializeOnLoad (74ms)
				ProcessInitializeOnLoadAttributes (153ms)
				ProcessInitializeOnLoadMethodAttributes (5ms)
				AfterProcessingInitializeOnLoad (6ms)
				EditorAssembliesLoaded (0ms)
			ExecutionOrderSort2 (0ms)
			AwakeInstancesAfterBackupRestoration (9ms)
Platform modules already initialized, skipping
Refreshing native plugins compatible for Editor in 0.51 ms, found 4 plugins.
Preloading 0 native plugins for Editor in 0.00 ms.
Unloading 2192 Unused Serialized files (Serialized files now loaded: 0)
System memory in use before: 100.7 MB.
System memory in use after: 100.9 MB.

Unloading 16 unused Assets to reduce memory usage. Loaded Objects now: 2711.
Total: 3.238600 ms (FindLiveObjects: 0.207000 ms CreateObjectMapping: 0.075100 ms MarkObjects: 2.939100 ms  DeleteObjects: 0.016700 ms)

AssetImportParameters requested are different than current active one (requested -> active):
  custom:framework-win-MediaFoundation: 216162199b28c13a410421893ffa2e32 -> 
  custom:video-decoder-ogg-theora: a1e56fd34408186e4bbccfd4996cb3dc -> 
  custom:container-muxer-webm: aa71ff27fc2769a1b78a27578f13a17b -> 
  custom:container-demuxer-webm: 4f35f7cbe854078d1ac9338744f61a02 -> 
  custom:container-demuxer-ogg: 62fdf1f143b41e24485cea50d1cbac27 -> 
  custom:video-encoder-webm-vp8: eb34c28f22e8b96e1ab97ce403110664 -> 
  custom:video-decoder-webm-vp8: 9c59270c3fd7afecdb556c50c9e8de78 -> 
  custom:audio-decoder-ogg-vorbis: bf7c407c2cedff20999df2af8eb42d56 -> 
  custom:audio-encoder-webm-vorbis: bf7c407c2cedff20999df2af8eb42d56 -> 
AssetImportWorkerClient::OnTransportError - code=2 error=End of file
